#
# There is insufficient memory for the Java Runtime Environment to continue.
# Native memory allocation (malloc) failed to allocate 1048576 bytes for AllocateHeap
# Possible reasons:
#   The system is out of physical RAM or swap space
#   The process is running with CompressedOops enabled, and the Java Heap may be blocking the growth of the native heap
# Possible solutions:
#   Reduce memory load on the system
#   Increase physical memory or swap space
#   Check if swap backing store is full
#   Decrease Java heap size (-Xmx/-Xms)
#   Decrease number of Java threads
#   Decrease Java thread stack sizes (-Xss)
#   Set larger code cache with -XX:ReservedCodeCacheSize=
#   JVM is running with Zero Based Compressed Oops mode in which the Java heap is
#     placed in the first 32GB address space. The Java Heap base address is the
#     maximum limit for the native heap growth. Please use -XX:HeapBaseMinAddress
#     to set the Java Heap base and to place the Java Heap above 32GB virtual address.
# This output file may be truncated or incomplete.
#
#  Out of Memory Error (memory/allocation.inline.hpp:61), pid=16540, tid=0x0000000000001c58
#
# JRE version:  (8.0_242-b01) (build )
# Java VM: OpenJDK 64-Bit Server VM (25.242-b01 mixed mode windows-amd64 compressed oops)
# Failed to write core dump. Minidumps are not enabled by default on client versions of Windows
#

---------------  T H R E A D  ---------------

Current thread (0x0000000002d12800):  JavaThread "Unknown thread" [_thread_in_vm, id=7256, stack(0x0000000002c10000,0x0000000002d10000)]

Stack: [0x0000000002c10000,0x0000000002d10000]
[error occurred during error reporting (printing stack bounds), id 0xc0000005]

Native frames: (J=compiled Java code, j=interpreted, Vv=VM code, C=native code)


---------------  P R O C E S S  ---------------

Java Threads: ( => current thread )

Other Threads:

=>0x0000000002d12800 (exited) JavaThread "Unknown thread" [_thread_in_vm, id=7256, stack(0x0000000002c10000,0x0000000002d10000)]

VM state:not at safepoint (normal execution)

VM Mutex/Monitor currently owned by a thread: None

heap address: 0x00000006c1c00000, size: 4068 MB, Compressed Oops mode: Zero based, Oop shift amount: 3
Narrow klass base: 0x0000000000000000, Narrow klass shift: 3
Compressed class space size: 1073741824 Address: 0x00000007c0000000

Heap:
 PSYoungGen      total 76288K, used 1310K [0x000000076b400000, 0x0000000770900000, 0x00000007c0000000)
  eden space 65536K, 2% used [0x000000076b400000,0x000000076b547af0,0x000000076f400000)
  from space 10752K, 0% used [0x000000076fe80000,0x000000076fe80000,0x0000000770900000)
  to   space 10752K, 0% used [0x000000076f400000,0x000000076f400000,0x000000076fe80000)
 ParOldGen       total 175104K, used 0K [0x00000006c1c00000, 0x00000006cc700000, 0x000000076b400000)
  object space 175104K, 0% used [0x00000006c1c00000,0x00000006c1c00000,0x00000006cc700000)
 Metaspace       used 779K, capacity 4480K, committed 4480K, reserved 1056768K
  class space    used 74K, capacity 384K, committed 384K, reserved 1048576K

Card table byte_map: [0x00000000121d0000,0x00000000129d0000] byte_map_base: 0x000000000ebc2000

Marking Bits: (ParMarkBitMap*) 0x000000006764f030
 Begin Bits: [0x0000000013720000, 0x00000000176b0000)
 End Bits:   [0x00000000176b0000, 0x000000001b640000)

Polling page: 0x0000000000dd0000

CodeCache: size=245760Kb used=328Kb max_used=328Kb free=245431Kb
 bounds [0x0000000002e10000, 0x0000000003080000, 0x0000000011e10000]
 total_blobs=57 nmethods=0 adapters=38
 compilation: enabled

Compilation events (0 events):
No events

GC Heap History (0 events):
No events

Deoptimization events (0 events):
No events

Classes redefined (0 events):
No events

Internal exceptions (0 events):
No events

Events (10 events):
Event: 0.035 loading class java/lang/Short
Event: 0.035 loading class java/lang/Short done
Event: 0.035 loading class java/lang/Integer
Event: 0.035 loading class java/lang/Integer done
Event: 0.035 loading class java/lang/Long
Event: 0.035 loading class java/lang/Long done
Event: 0.036 loading class java/lang/NullPointerException
Event: 0.036 loading class java/lang/NullPointerException done
Event: 0.036 loading class java/lang/ArithmeticException
Event: 0.036 loading class java/lang/ArithmeticException done


Dynamic libraries:
0x00007ff67b5c0000 - 0x00007ff67b5f1000 	C:\Program Files\Android\Android Studio\jre\jre\bin\java.exe
0x00007ffbd17a0000 - 0x00007ffbd198d000 	C:\Windows\SYSTEM32\ntdll.dll
0x00007ffbceae0000 - 0x00007ffbceb93000 	C:\Windows\System32\KERNEL32.DLL
0x00007ffbcdaa0000 - 0x00007ffbcdd35000 	C:\Windows\System32\KERNELBASE.dll
0x00007ffbcf090000 - 0x00007ffbcf133000 	C:\Windows\System32\ADVAPI32.dll
0x00007ffbcea40000 - 0x00007ffbceade000 	C:\Windows\System32\msvcrt.dll
0x00007ffbd0120000 - 0x00007ffbd01be000 	C:\Windows\System32\sechost.dll
0x00007ffbcef60000 - 0x00007ffbcf082000 	C:\Windows\System32\RPCRT4.dll
0x00007ffbcf960000 - 0x00007ffbcfaf7000 	C:\Windows\System32\USER32.dll
0x00007ffbcdf80000 - 0x00007ffbcdfa0000 	C:\Windows\System32\win32u.dll
0x00007ffbceec0000 - 0x00007ffbceee9000 	C:\Windows\System32\GDI32.dll
0x00007ffbce6f0000 - 0x00007ffbce88a000 	C:\Windows\System32\gdi32full.dll
0x00007ffbcdd40000 - 0x00007ffbcdde0000 	C:\Windows\System32\msvcp_win.dll
0x00007ffbcde80000 - 0x00007ffbcdf7a000 	C:\Windows\System32\ucrtbase.dll
0x00007ffbbcac0000 - 0x00007ffbbcd39000 	C:\Windows\WinSxS\amd64_microsoft.windows.common-controls_6595b64144ccf1df_6.0.17763.1282_none_de75b6f253473c0f\COMCTL32.dll
0x00007ffbcfbd0000 - 0x00007ffbcfefc000 	C:\Windows\System32\combase.dll
0x00007ffbcde00000 - 0x00007ffbcde7e000 	C:\Windows\System32\bcryptPrimitives.dll
0x00007ffbcff20000 - 0x00007ffbcff4e000 	C:\Windows\System32\IMM32.DLL
0x0000000066cc0000 - 0x0000000066d92000 	C:\Program Files\Android\Android Studio\jre\jre\bin\msvcr100.dll
0x0000000066e80000 - 0x00000000676cb000 	C:\Program Files\Android\Android Studio\jre\jre\bin\server\jvm.dll
0x00007ffbceeb0000 - 0x00007ffbceeb8000 	C:\Windows\System32\PSAPI.DLL
0x00007ffbc90f0000 - 0x00007ffbc90f9000 	C:\Windows\SYSTEM32\WSOCK32.dll
0x00007ffbceef0000 - 0x00007ffbcef5d000 	C:\Windows\System32\WS2_32.dll
0x00007ffbc7f90000 - 0x00007ffbc7fb4000 	C:\Windows\SYSTEM32\WINMM.dll
0x00007ffbc6e80000 - 0x00007ffbc6e8a000 	C:\Windows\SYSTEM32\VERSION.dll
0x00007ffbc7e80000 - 0x00007ffbc7ead000 	C:\Windows\SYSTEM32\WINMMBASE.dll
0x00007ffbce890000 - 0x00007ffbce8da000 	C:\Windows\System32\cfgmgr32.dll
0x00007ffbc77a0000 - 0x00007ffbc77af000 	C:\Program Files\Android\Android Studio\jre\jre\bin\verify.dll
0x00007ffbaef50000 - 0x00007ffbaef79000 	C:\Program Files\Android\Android Studio\jre\jre\bin\java.dll
0x00007ffbc6590000 - 0x00007ffbc65a6000 	C:\Program Files\Android\Android Studio\jre\jre\bin\zip.dll

VM Arguments:
java_command: org.jetbrains.git4idea.http.GitAskPassApp Username for 'https://github.com': 
java_class_path (initial): C:/Program Files/Android/Android Studio/plugins/git4idea/lib/git4idea-rt.jar;C:/Program Files/Android/Android Studio/lib/xmlrpc-2.0.1.jar;C:/Program Files/Android/Android Studio/lib/commons-codec-1.13.jar;C:/Program Files/Android/Android Studio/lib/util.jar
Launcher Type: SUN_STANDARD

Environment Variables:
JAVA_HOME=C:\Program Files\OpenJDK\openjdk-8u262-b10
PATH=C:/Program Files/Git/mingw64/libexec/git-core;C:/Program Files/Git/mingw64/libexec/git-core;C:\Program Files\Git\mingw64\bin;C:\Program Files\Git\usr\bin;C:\Users\Fachrul\bin;C:\Python27\;C:\Python27\Scripts;C:\Windows\system32;C:\Windows;C:\Windows\System32\Wbem;C:\Windows\System32\WindowsPowerShell\v1.0\;C:\Windows\System32\OpenSSH\;C:\Program Files (x86)\Smart Projects\IsoBuster;C:\Program Files\Git\cmd;C:\Program Files (x86)\Yarn\bin\;C:\ProgramData\chocolatey\bin;C:\Program Files\nodejs\;C:\Program Files\OpenJDK\openjdk-8u262-b10\bin;C:\Users\Fachrul\AppData\Local\Microsoft\WindowsApps;C:\Users\Fachrul\AppData\Local\Programs\Microsoft VS Code\bin;C:\Users\Fachrul\AppData\Local\Yarn\bin;C:\Users\Fachrul\AppData\Roaming\npm;C:\Users\Fachrul\AppData\Local\Android\Sdk\platforms;C:\Program Files\JetBrains\WebStorm 203.4818.40\bin;C:\Users\Fachrul\AppData\Local\atom\bin
USERNAME=Fachrul
DISPLAY=:0.0
OS=Windows_NT
PROCESSOR_IDENTIFIER=Intel64 Family 6 Model 142 Stepping 10, GenuineIntel



---------------  S Y S T E M  ---------------

OS: Windows 10.0 , 64 bit Build 17763 (10.0.17763.1158)

CPU:total 8 (initial active 8) (4 cores per cpu, 2 threads per core) family 6 model 142 stepping 10, cmov, cx8, fxsr, mmx, sse, sse2, sse3, ssse3, sse4.1, sse4.2, popcnt, avx, avx2, aes, clmul, erms, 3dnowpref, lzcnt, ht, tsc, tscinvbit, bmi1, bmi2, adx

Memory: 4k page, physical 16656168k(1575712k free), swap 22947624k(5524k free)

vm_info: OpenJDK 64-Bit Server VM (25.242-b01) for windows-amd64 JRE (1.8.0_242-release-1644-b01), built by "builder" with MS VC++ 10.0 (VS2010)

time: Mon Nov 09 01:03:54 2020
timezone: SE Asia Standard Time
elapsed time: 0 seconds (0d 0h 0m 0s)

